1425413352.519068
1425413352.769029
1425413352.918851
1425413353.033786
1425413353.125575
1425413353.199914
1425413353.266138
1425413353.332962
1425413353.402801
1425413353.475938
1425413353.553077
1425413353.634872
1425413353.722099
1425413353.81573
1425413353.915277
1425413353.985692
1425413354.009051
1425413354.09419
1425413354.168715
1425413354.232398
1425413354.292193
1425413354.35332
1425413354.416794
1425413354.482871
1425413354.551868
1425413354.624144
1425413354.700197
1425413354.780456
1425413354.865499
1425413354.950246
1425413355.030204
1425413355.104463
1425413355.170491
1425413355.229499
1425413355.286315
1425413355.344364
1425413355.404336
1425413355.466504
1425413355.531143
1425413355.598594
1425413355.669111
1425413355.743089
1425413355.821036
1425413355.903554
1425413355.98799
1425413356.070198
1425413356.14794
1425413356.218909
1425413356.28213
1425413356.342208
1425413356.403352
1425413356.466801
1425413356.532784
1425413356.601559
1425413356.673489
1425413356.749102
1425413356.829079
1425413356.914008
1425413357.004874
1425413357.099327
1425413357.19061
1425413357.275114
1425413357.353002
1425413357.422333
1425413357.487208
1425413357.553501
1425413357.622609
1425413357.694908
1425413357.770842
1425413357.850972
1425413357.936134
1425413358.027006
1425413358.124983
1425413358.231081
1425413358.339996
1425413358.44556
1425413358.544072
1425413358.632025
1425413358.712573
1425413358.794073
1425413358.880475
1425413358.973052
1425413359.073308
1425413359.182921
1425413359.206641
1425413359.304455
1425413359.442192
1425413359.597799
1425413359.755943
1425413359.90833
1425413360.051452
1425413360.172983
1425413360.273628
1425413360.374271
1425413360.484123
1425413360.606309
1425413360.745377
1425413360.909663
1425413361.115569
1425413361.367284
1425413361.579819
1425413361.661107
1425413361.756972
1425413361.913969
1425413362.052269
1425413362.173801
1425413362.279167
1425413362.370468
1425413362.461541
1425413362.559594
1425413362.666723
1425413362.785574
1425413362.919961
1425413363.076862
1425413363.265862
1425413363.465817
1425413363.643656
1425413363.802665
1425413363.949515
1425413364.077509
1425413364.186244
1425413364.28304
1425413364.384052
1425413364.494872
1425413364.618602
1425413364.759567
1425413364.926647
1425413365.139829
1425413365.476373
1425413365.498256
1425413370.891371
